<?xml version="1.0" encoding="UTF-8"?>
<!-- Generated by org.testng.reporters.JUnitReportReporter -->
<testsuite hostname="DESKTOP-F3VORK6" failures="0" tests="5" name="TestNgForFormSubmissionCheck.TestNgForFormSubmissionCheck" time="6.994" errors="0" timestamp="2024-06-30T02:29:45 BDT" skipped="0">
  <testcase classname="TestNgForFormSubmissionCheck.TestNgForFormSubmissionCheck" name="fillUpFirstnLastName" time="2.219"/>
  <testcase classname="TestNgForFormSubmissionCheck.TestNgForFormSubmissionCheck" name="checkRadioButton" time="1.113"/>
  <testcase classname="TestNgForFormSubmissionCheck.TestNgForFormSubmissionCheck" name="checkDropDown" time="1.284"/>
  <testcase classname="TestNgForFormSubmissionCheck.TestNgForFormSubmissionCheck" name="checkMultipleOptions" time="2.154"/>
  <testcase classname="TestNgForFormSubmissionCheck.TestNgForFormSubmissionCheck" name="submitForm" time="0.224"/>
</testsuite> <!-- TestNgForFormSubmissionCheck.TestNgForFormSubmissionCheck -->
